#
# A fatal error has been detected by the Java Runtime Environment:
#
#  SIGBUS (0x7) at pc=0x00007fbc6effba79, pid=109324, tid=109326
#
# JRE version: OpenJDK Runtime Environment Corretto-17.0.4.9.1 (17.0.4.1+9) (build 17.0.4.1+9-LTS)
# Java VM: OpenJDK 64-Bit Server VM Corretto-17.0.4.9.1 (17.0.4.1+9-LTS, mixed mode, emulated-client, sharing, tiered, compressed oops, compressed class ptrs, g1 gc, linux-amd64)
# Problematic frame:
# C  [libasyncProfiler.so+0x1ea79]  Symbols::parseLibraries(CodeCacheArray*, bool)+0xbd9
#
# Core dump will be written. Default location: Core dumps may be processed with "/usr/share/apport/apport -p%p -s%s -c%c -d%d -P%P -u%u -g%g -- %E" (or dumping to /home/mesut/Downloads/campjavabackend-master/core.109324)
#
# If you would like to submit a bug report, please visit:
#   https://github.com/corretto/corretto-17/issues/
# The crash happened outside the Java Virtual Machine in native code.
# See problematic frame for where to report the bug.
#

---------------  S U M M A R Y ------------

Command Line: -XX:TieredStopAtLevel=1 -Dspring.output.ansi.enabled=always -Dcom.sun.management.jmxremote -Dspring.jmx.enabled=true -Dspring.liveBeansView.mbeanDomain -Dspring.application.admin.enabled=true -Dmanagement.endpoints.jmx.exposure.include=* -javaagent:/snap/intellij-idea-ultimate/401/lib/idea_rt.jar=35293:/snap/intellij-idea-ultimate/401/bin -agentpath:/tmp/libasyncProfiler.so=start,jfr,event=cpu,interval=10ms,jfrsync=profile,cstack=no,file=/home/mesut/NorthwindApplication_2023_01_14_172032.jfr -Dfile.encoding=UTF-8 kodlamaio.northwind.NorthwindApplication

Host: Intel(R) Core(TM) i7-10700 CPU @ 2.90GHz, 16 cores, 125G, Ubuntu 20.04.5 LTS
Time: Sat Jan 14 17:20:32 2023 +03 elapsed time: 0.554378 seconds (0d 0h 0m 0s)

---------------  T H R E A D  ---------------

Current thread (0x00007fbc68659860):  JavaThread "main" [_thread_in_native, id=109326, stack(0x00007fbc6f883000,0x00007fbc6f984000)]

Stack: [0x00007fbc6f883000,0x00007fbc6f984000],  sp=0x00007fbc6f982360,  free space=1020k
Native frames: (J=compiled Java code, j=interpreted, Vv=VM code, C=native code)
C  [libasyncProfiler.so+0x1ea79]  Symbols::parseLibraries(CodeCacheArray*, bool)+0xbd9
C  [libasyncProfiler.so+0x41038]  Profiler::start(Arguments&, bool)+0x828
C  [libasyncProfiler.so+0x4360b]  Profiler::runInternal(Arguments&, std::ostream&)+0x12b
C  [libasyncProfiler.so+0x445c5]  Profiler::run(Arguments&)+0x195
C  [libasyncProfiler.so+0x44762]  VM::VMInit(_jvmtiEnv*, JNIEnv_*, _jobject*)+0xe2
V  [libjvm.so+0xa34151]  JvmtiExport::post_vm_initialized()+0x131
V  [libjvm.so+0xf0dabe]  Threads::create_vm(JavaVMInitArgs*, bool*)+0x7ee
V  [libjvm.so+0x8ef1b1]  JNI_CreateJavaVM+0x51
C  [libjli.so+0xa1f1]  JavaMain+0x91
C  [libjli.so+0xde99]  ThreadJavaMain+0x9


siginfo: si_signo: 7 (SIGBUS), si_code: 2 (BUS_ADRERR), si_addr: 0x00007fbbeecabd68

Register to memory mapping:

RAX=0x0000000000000040 is an unknown value
RBX=0x00007fbc6b07f1f0 points into unknown readable memory: 0x00007fbc6b07f264 | 64 f2 07 6b bc 7f 00 00
RCX=0x0 is NULL
RDX=0x00007fbbeecabd68: <offset 0x0000000000203d68> in /home/mesut/.jdks/corretto-17.0.4.1/lib/libmanagement.so at 0x00007fbbeeaa8000
RSP=0x00007fbc6f982360 is pointing into the stack for thread: 0x00007fbc68659860
RBP=0x00007fbc6f9825c0 is pointing into the stack for thread: 0x00007fbc68659860
RSI=0x0000000000000002 is an unknown value
RDI=0x0 is NULL
R8 =0x00007fbbeeaa8040: <offset 0x0000000000000040> in /home/mesut/.jdks/corretto-17.0.4.1/lib/libmanagement.so at 0x00007fbbeeaa8000
R9 =0x0 is NULL
R10=0x0000000000000007 is an unknown value
R11=0x0 is NULL
R12=0x0 is NULL
R13=0x00007fbc6b07f109 points into unknown readable memory: 2f 68 6f 6d 65 2f 6d
R14=0x0 is NULL
R15=0x00007fbbeeaa8000: <offset 0x0000000000000000> in /home/mesut/.jdks/corretto-17.0.4.1/lib/libmanagement.so at 0x00007fbbeeaa8000


Registers:
RAX=0x0000000000000040, RBX=0x00007fbc6b07f1f0, RCX=0x0000000000000000, RDX=0x00007fbbeecabd68
RSP=0x00007fbc6f982360, RBP=0x00007fbc6f9825c0, RSI=0x0000000000000002, RDI=0x0000000000000000
R8 =0x00007fbbeeaa8040, R9 =0x0000000000000000, R10=0x0000000000000007, R11=0x0000000000000000
R12=0x0000000000000000, R13=0x00007fbc6b07f109, R14=0x0000000000000000, R15=0x00007fbbeeaa8000
RIP=0x00007fbc6effba79, EFLAGS=0x0000000000010246, CSGSFS=0x002b000000000033, ERR=0x0000000000000004
  TRAPNO=0x000000000000000e

Top of Stack: (sp=0x00007fbc6f982360)
0x00007fbc6f982360:   0000000000000000 0000000000000000
0x00007fbc6f982370:   00007fbc6efdd348 00007fbc6801a0a0
0x00007fbc6f982380:   0000000000000002 800000000000000e
0x00007fbc6f982390:   0000000000000000 0000000000000000 

Instructions: (pc=0x00007fbc6effba79)
0x00007fbc6effb979:   44 24 18 e9 09 fd ff ff 4d 3b 67 20 41 0f 92 c6
0x00007fbc6effb989:   e9 1b fe ff ff e8 2d 7a fe ff 8b 95 5c fe ff ff
0x00007fbc6effb999:   89 10 e9 cc fb ff ff 48 8b 43 58 48 8b 00 48 89
0x00007fbc6effb9a9:   43 10 e9 78 fb ff ff 4c 39 3d c1 84 23 00 0f 84
0x00007fbc6effb9b9:   d6 fd ff ff 4c 89 ff e8 ab 75 fe ff 4c 3b 60 20
0x00007fbc6effb9c9:   0f 86 63 f8 ff ff 4d 85 ff 0f 85 bb fd ff ff e9
0x00007fbc6effb9d9:   55 f8 ff ff e8 de 79 fe ff 8b 38 e8 17 78 fe ff
0x00007fbc6effb9e9:   48 8d 3d 0d c9 02 00 48 89 c6 31 c0 e8 c6 ce ff
0x00007fbc6effb9f9:   ff 44 89 f7 e8 ee 73 fe ff e9 40 fc ff ff 4c 8b
0x00007fbc6effba09:   3d 6a 84 23 00 48 8d 05 53 84 23 00 49 39 c7 0f
0x00007fbc6effba19:   84 42 01 00 00 49 89 c7 eb 9a 4c 89 c7 66 41 83
0x00007fbc6effba29:   7f 10 02 48 8b 57 10 74 03 4c 01 fa 48 8b 4f 28
0x00007fbc6effba39:   48 01 d1 48 89 8d 10 fe ff ff 48 39 ca 0f 83 6f
0x00007fbc6effba49:   fe ff ff 45 31 f6 45 31 c9 45 31 e4 31 ff 45 31
0x00007fbc6effba59:   db 31 c9 eb 1b 48 83 fe 02 75 04 4c 8b 5a 08 48
0x00007fbc6effba69:   83 c2 10 48 39 95 10 fe ff ff 0f 86 81 00 00 00
0x00007fbc6effba79:   48 8b 32 48 83 fe 09 74 6f 7f 1a 48 83 fe 03 74
0x00007fbc6effba89:   3d 7e d2 48 83 fe 07 74 4b 48 83 fe 08 75 d0 4c
0x00007fbc6effba99:   8b 62 08 eb ca 48 83 fe 13 74 4d 7f 0e 48 83 fe
0x00007fbc6effbaa9:   11 74 31 48 83 fe 12 74 e6 eb b4 48 81 ee f9 ff
0x00007fbc6effbab9:   ff 6f 48 83 fe 01 77 a7 4c 8b 72 08 eb a1 48 8b
0x00007fbc6effbac9:   4a 08 48 83 c1 18 4c 3b 7a 08 49 8d 34 0f 48 0f
0x00007fbc6effbad9:   47 ce eb 8b 48 8b 7a 08 49 8d 34 3f 49 39 ff 48
0x00007fbc6effbae9:   0f 47 fe e9 77 ff ff ff 4c 8b 4a 08 e9 6e ff ff
0x00007fbc6effbaf9:   ff 4d 85 c9 0f 84 b8 fd ff ff 4d 85 db 0f 84 9e
0x00007fbc6effbb09:   04 00 00 48 85 c9 0f 84 95 04 00 00 4c 89 d8 31
0x00007fbc6effbb19:   d2 48 89 4b 28 49 f7 f1 c6 43 38 00 48 8d 04 c1
0x00007fbc6effbb29:   48 89 43 30 45 0f b7 57 38 49 8b 47 20 45 85 d2
0x00007fbc6effbb39:   0f 84 be fd ff ff 41 0f b7 4f 36 4d 8d 04 07 89
0x00007fbc6effbb49:   8d 20 fe ff ff 41 8b 08 89 8d 18 fe ff ff e9 5f
0x00007fbc6effbb59:   fd ff ff 0f 1f 40 00 41 be 01 00 00 00 e9 3e fc
0x00007fbc6effbb69:   ff ff e8 50 78 fe ff 8b 38 48 89 c3 e8 86 76 fe 


Stack slot to memory mapping:
stack at sp + 0 slots: 0x0 is NULL
stack at sp + 1 slots: 0x0 is NULL
stack at sp + 2 slots: 0x00007fbc6efdd348: <offset 0x0000000000000348> in /tmp/libasyncProfiler.so at 0x00007fbc6efdd000
stack at sp + 3 slots: 0x00007fbc6801a0a0 points into unknown readable memory: 0x00007fbc6efdfce3 | e3 fc fd 6e bc 7f 00 00
stack at sp + 4 slots: 0x0000000000000002 is an unknown value
stack at sp + 5 slots: 0x800000000000000e is an unknown value
stack at sp + 6 slots: 0x0 is NULL
stack at sp + 7 slots: 0x0 is NULL


---------------  P R O C E S S  ---------------

Threads class SMR info:
_java_thread_list=0x00007fbbf4001e40, length=16, elements={
0x00007fbc68659860, 0x00007fbc6a4a1fe0, 0x00007fbc6a4a33d0, 0x00007fbc6a4aa190,
0x00007fbc6a4ab550, 0x00007fbc6a4ac970, 0x00007fbc6a4adf70, 0x00007fbc6a4af3e0,
0x00007fbbdc043980, 0x00007fbbdc044b00, 0x00007fbbdc046040, 0x00007fbbd8019590,
0x00007fbbd801a6f0, 0x00007fbc6a4bd830, 0x00007fbc6a8c16a0, 0x00007fbbf4000e70
}

Java Threads: ( => current thread )
=>0x00007fbc68659860 JavaThread "main" [_thread_in_native, id=109326, stack(0x00007fbc6f883000,0x00007fbc6f984000)]
  0x00007fbc6a4a1fe0 JavaThread "Reference Handler" daemon [_thread_blocked, id=109344, stack(0x00007fbc6caff000,0x00007fbc6cc00000)]
  0x00007fbc6a4a33d0 JavaThread "Finalizer" daemon [_thread_blocked, id=109346, stack(0x00007fbc6c9fe000,0x00007fbc6caff000)]
  0x00007fbc6a4aa190 JavaThread "Signal Dispatcher" daemon [_thread_blocked, id=109348, stack(0x00007fbc6c0e1000,0x00007fbc6c1e2000)]
  0x00007fbc6a4ab550 JavaThread "Service Thread" daemon [_thread_blocked, id=109349, stack(0x00007fbc140ba000,0x00007fbc141bb000)]
  0x00007fbc6a4ac970 JavaThread "Monitor Deflation Thread" daemon [_thread_blocked, id=109350, stack(0x00007fbbefeff000,0x00007fbbf0000000)]
  0x00007fbc6a4adf70 JavaThread "C1 CompilerThread0" daemon [_thread_blocked, id=109351, stack(0x00007fbbefdfe000,0x00007fbbefeff000)]
  0x00007fbc6a4af3e0 JavaThread "Sweeper thread" daemon [_thread_blocked, id=109352, stack(0x00007fbbefcfd000,0x00007fbbefdfe000)]
  0x00007fbbdc043980 JavaThread "C1 CompilerThread1" daemon [_thread_blocked, id=109353, stack(0x00007fbbefbfc000,0x00007fbbefcfd000)]
  0x00007fbbdc044b00 JavaThread "C1 CompilerThread2" daemon [_thread_blocked, id=109354, stack(0x00007fbbefafb000,0x00007fbbefbfc000)]
  0x00007fbbdc046040 JavaThread "C1 CompilerThread3" daemon [_thread_blocked, id=109355, stack(0x00007fbbef9fa000,0x00007fbbefafb000)]
  0x00007fbbd8019590 JavaThread "C1 CompilerThread4" daemon [_thread_blocked, id=109356, stack(0x00007fbbef8f9000,0x00007fbbef9fa000)]
  0x00007fbbd801a6f0 JavaThread "C1 CompilerThread5" daemon [_thread_blocked, id=109357, stack(0x00007fbbef7f8000,0x00007fbbef8f9000)]
  0x00007fbc6a4bd830 JavaThread "Common-Cleaner" daemon [_thread_blocked, id=109359, stack(0x00007fbbef6f7000,0x00007fbbef7f8000)]
  0x00007fbc6a8c16a0 JavaThread "Monitor Ctrl-Break" daemon [_thread_in_native, id=109365, stack(0x00007fbbeefb1000,0x00007fbbef0b2000)]
  0x00007fbbf4000e70 JavaThread "Attach Listener" daemon [_thread_in_vm, id=109366, stack(0x00007fbbeecad000,0x00007fbbeedae000)]

Other Threads:
  0x00007fbc6a49d2d0 VMThread "VM Thread" [stack: 0x00007fbc6d42f000,0x00007fbc6d52f000] [id=109343]
  0x00007fbc694f5420 GCTaskThread "GC Thread#0" [stack: 0x00007fbc6dc08000,0x00007fbc6dd08000] [id=109334]
  0x00007fbc69505a10 ConcurrentGCThread "G1 Main Marker" [stack: 0x00007fbc6db06000,0x00007fbc6dc06000] [id=109335]
  0x00007fbc69506980 ConcurrentGCThread "G1 Conc#0" [stack: 0x00007fbc6da04000,0x00007fbc6db04000] [id=109336]
  0x00007fbc6a350060 ConcurrentGCThread "G1 Refine#0" [stack: 0x00007fbc6d902000,0x00007fbc6da02000] [id=109339]
  0x00007fbc6a350f60 ConcurrentGCThread "G1 Service" [stack: 0x00007fbc6d800000,0x00007fbc6d900000] [id=109340]

Threads with active compile tasks:

VM state: not at safepoint (normal execution)

VM Mutex/Monitor currently owned by a thread: None

Heap address: 0x0000000082000000, size: 30688 MB, Compressed Oops mode: Zero based, Oop shift amount: 3

CDS archive(s) mapped at: [0x0000000800000000-0x0000000800be0000-0x0000000800be0000), size 12451840, SharedBaseAddress: 0x0000000800000000, ArchiveRelocationMode: 0.
Compressed class space mapped at: 0x0000000800c00000-0x0000000840c00000, reserved size: 1073741824
Narrow klass base: 0x0000000800000000, Narrow klass shift: 0, Narrow klass range: 0x100000000

GC Precious Log:
 CPUs: 16 total, 16 available
 Memory: 125G
 Large Page Support: Disabled
 NUMA Support: Disabled
 Compressed Oops: Enabled (Zero based)
 Heap Region Size: 16M
 Heap Min Capacity: 16M
 Heap Initial Capacity: 2016M
 Heap Max Capacity: 30688M
 Pre-touch: Disabled
 Parallel Workers: 13
 Concurrent Workers: 3
 Concurrent Refinement Workers: 13
 Periodic GC: Disabled

Heap:
 garbage-first heap   total 2097152K, used 16352K [0x0000000082000000, 0x0000000800000000)
  region size 16384K, 1 young (16384K), 0 survivors (0K)
 Metaspace       used 1515K, committed 1728K, reserved 1056768K
  class space    used 143K, committed 256K, reserved 1048576K

Heap Regions: E=young(eden), S=young(survivor), O=old, HS=humongous(starts), HC=humongous(continues), CS=collection set, F=free, OA=open archive, CA=closed archive, TAMS=top-at-mark-start (previous, next)
|   0|0x0000000082000000, 0x0000000082000000, 0x0000000083000000|  0%| F|  |TAMS 0x0000000082000000, 0x0000000082000000| Untracked 
|   1|0x0000000083000000, 0x0000000083000000, 0x0000000084000000|  0%| F|  |TAMS 0x0000000083000000, 0x0000000083000000| Untracked 
|   2|0x0000000084000000, 0x0000000084000000, 0x0000000085000000|  0%| F|  |TAMS 0x0000000084000000, 0x0000000084000000| Untracked 
|   3|0x0000000085000000, 0x0000000085000000, 0x0000000086000000|  0%| F|  |TAMS 0x0000000085000000, 0x0000000085000000| Untracked 
|   4|0x0000000086000000, 0x0000000086000000, 0x0000000087000000|  0%| F|  |TAMS 0x0000000086000000, 0x0000000086000000| Untracked 
|   5|0x0000000087000000, 0x0000000087000000, 0x0000000088000000|  0%| F|  |TAMS 0x0000000087000000, 0x0000000087000000| Untracked 
|   6|0x0000000088000000, 0x0000000088000000, 0x0000000089000000|  0%| F|  |TAMS 0x0000000088000000, 0x0000000088000000| Untracked 
|   7|0x0000000089000000, 0x0000000089000000, 0x000000008a000000|  0%| F|  |TAMS 0x0000000089000000, 0x0000000089000000| Untracked 
|   8|0x000000008a000000, 0x000000008a000000, 0x000000008b000000|  0%| F|  |TAMS 0x000000008a000000, 0x000000008a000000| Untracked 
|   9|0x000000008b000000, 0x000000008b000000, 0x000000008c000000|  0%| F|  |TAMS 0x000000008b000000, 0x000000008b000000| Untracked 
|  10|0x000000008c000000, 0x000000008c000000, 0x000000008d000000|  0%| F|  |TAMS 0x000000008c000000, 0x000000008c000000| Untracked 
|  11|0x000000008d000000, 0x000000008d000000, 0x000000008e000000|  0%| F|  |TAMS 0x000000008d000000, 0x000000008d000000| Untracked 
|  12|0x000000008e000000, 0x000000008e000000, 0x000000008f000000|  0%| F|  |TAMS 0x000000008e000000, 0x000000008e000000| Untracked 
|  13|0x000000008f000000, 0x000000008f000000, 0x0000000090000000|  0%| F|  |TAMS 0x000000008f000000, 0x000000008f000000| Untracked 
|  14|0x0000000090000000, 0x0000000090000000, 0x0000000091000000|  0%| F|  |TAMS 0x0000000090000000, 0x0000000090000000| Untracked 
|  15|0x0000000091000000, 0x0000000091000000, 0x0000000092000000|  0%| F|  |TAMS 0x0000000091000000, 0x0000000091000000| Untracked 
|  16|0x0000000092000000, 0x0000000092000000, 0x0000000093000000|  0%| F|  |TAMS 0x0000000092000000, 0x0000000092000000| Untracked 
|  17|0x0000000093000000, 0x0000000093000000, 0x0000000094000000|  0%| F|  |TAMS 0x0000000093000000, 0x0000000093000000| Untracked 
|  18|0x0000000094000000, 0x0000000094000000, 0x0000000095000000|  0%| F|  |TAMS 0x0000000094000000, 0x0000000094000000| Untracked 
|  19|0x0000000095000000, 0x0000000095000000, 0x0000000096000000|  0%| F|  |TAMS 0x0000000095000000, 0x0000000095000000| Untracked 
|  20|0x0000000096000000, 0x0000000096000000, 0x0000000097000000|  0%| F|  |TAMS 0x0000000096000000, 0x0000000096000000| Untracked 
|  21|0x0000000097000000, 0x0000000097000000, 0x0000000098000000|  0%| F|  |TAMS 0x0000000097000000, 0x0000000097000000| Untracked 
|  22|0x0000000098000000, 0x0000000098000000, 0x0000000099000000|  0%| F|  |TAMS 0x0000000098000000, 0x0000000098000000| Untracked 
|  23|0x0000000099000000, 0x0000000099000000, 0x000000009a000000|  0%| F|  |TAMS 0x0000000099000000, 0x0000000099000000| Untracked 
|  24|0x000000009a000000, 0x000000009a000000, 0x000000009b000000|  0%| F|  |TAMS 0x000000009a000000, 0x000000009a000000| Untracked 
|  25|0x000000009b000000, 0x000000009b000000, 0x000000009c000000|  0%| F|  |TAMS 0x000000009b000000, 0x000000009b000000| Untracked 
|  26|0x000000009c000000, 0x000000009c000000, 0x000000009d000000|  0%| F|  |TAMS 0x000000009c000000, 0x000000009c000000| Untracked 
|  27|0x000000009d000000, 0x000000009d000000, 0x000000009e000000|  0%| F|  |TAMS 0x000000009d000000, 0x000000009d000000| Untracked 
|  28|0x000000009e000000, 0x000000009e000000, 0x000000009f000000|  0%| F|  |TAMS 0x000000009e000000, 0x000000009e000000| Untracked 
|  29|0x000000009f000000, 0x000000009f000000, 0x00000000a0000000|  0%| F|  |TAMS 0x000000009f000000, 0x000000009f000000| Untracked 
|  30|0x00000000a0000000, 0x00000000a0000000, 0x00000000a1000000|  0%| F|  |TAMS 0x00000000a0000000, 0x00000000a0000000| Untracked 
|  31|0x00000000a1000000, 0x00000000a1000000, 0x00000000a2000000|  0%| F|  |TAMS 0x00000000a1000000, 0x00000000a1000000| Untracked 
|  32|0x00000000a2000000, 0x00000000a2000000, 0x00000000a3000000|  0%| F|  |TAMS 0x00000000a2000000, 0x00000000a2000000| Untracked 
|  33|0x00000000a3000000, 0x00000000a3000000, 0x00000000a4000000|  0%| F|  |TAMS 0x00000000a3000000, 0x00000000a3000000| Untracked 
|  34|0x00000000a4000000, 0x00000000a4000000, 0x00000000a5000000|  0%| F|  |TAMS 0x00000000a4000000, 0x00000000a4000000| Untracked 
|  35|0x00000000a5000000, 0x00000000a5000000, 0x00000000a6000000|  0%| F|  |TAMS 0x00000000a5000000, 0x00000000a5000000| Untracked 
|  36|0x00000000a6000000, 0x00000000a6000000, 0x00000000a7000000|  0%| F|  |TAMS 0x00000000a6000000, 0x00000000a6000000| Untracked 
|  37|0x00000000a7000000, 0x00000000a7000000, 0x00000000a8000000|  0%| F|  |TAMS 0x00000000a7000000, 0x00000000a7000000| Untracked 
|  38|0x00000000a8000000, 0x00000000a8000000, 0x00000000a9000000|  0%| F|  |TAMS 0x00000000a8000000, 0x00000000a8000000| Untracked 
|  39|0x00000000a9000000, 0x00000000a9000000, 0x00000000aa000000|  0%| F|  |TAMS 0x00000000a9000000, 0x00000000a9000000| Untracked 
|  40|0x00000000aa000000, 0x00000000aa000000, 0x00000000ab000000|  0%| F|  |TAMS 0x00000000aa000000, 0x00000000aa000000| Untracked 
|  41|0x00000000ab000000, 0x00000000ab000000, 0x00000000ac000000|  0%| F|  |TAMS 0x00000000ab000000, 0x00000000ab000000| Untracked 
|  42|0x00000000ac000000, 0x00000000ac000000, 0x00000000ad000000|  0%| F|  |TAMS 0x00000000ac000000, 0x00000000ac000000| Untracked 
|  43|0x00000000ad000000, 0x00000000ad000000, 0x00000000ae000000|  0%| F|  |TAMS 0x00000000ad000000, 0x00000000ad000000| Untracked 
|  44|0x00000000ae000000, 0x00000000ae000000, 0x00000000af000000|  0%| F|  |TAMS 0x00000000ae000000, 0x00000000ae000000| Untracked 
|  45|0x00000000af000000, 0x00000000af000000, 0x00000000b0000000|  0%| F|  |TAMS 0x00000000af000000, 0x00000000af000000| Untracked 
|  46|0x00000000b0000000, 0x00000000b0000000, 0x00000000b1000000|  0%| F|  |TAMS 0x00000000b0000000, 0x00000000b0000000| Untracked 
|  47|0x00000000b1000000, 0x00000000b1000000, 0x00000000b2000000|  0%| F|  |TAMS 0x00000000b1000000, 0x00000000b1000000| Untracked 
|  48|0x00000000b2000000, 0x00000000b2000000, 0x00000000b3000000|  0%| F|  |TAMS 0x00000000b2000000, 0x00000000b2000000| Untracked 
|  49|0x00000000b3000000, 0x00000000b3000000, 0x00000000b4000000|  0%| F|  |TAMS 0x00000000b3000000, 0x00000000b3000000| Untracked 
|  50|0x00000000b4000000, 0x00000000b4000000, 0x00000000b5000000|  0%| F|  |TAMS 0x00000000b4000000, 0x00000000b4000000| Untracked 
|  51|0x00000000b5000000, 0x00000000b5000000, 0x00000000b6000000|  0%| F|  |TAMS 0x00000000b5000000, 0x00000000b5000000| Untracked 
|  52|0x00000000b6000000, 0x00000000b6000000, 0x00000000b7000000|  0%| F|  |TAMS 0x00000000b6000000, 0x00000000b6000000| Untracked 
|  53|0x00000000b7000000, 0x00000000b7000000, 0x00000000b8000000|  0%| F|  |TAMS 0x00000000b7000000, 0x00000000b7000000| Untracked 
|  54|0x00000000b8000000, 0x00000000b8000000, 0x00000000b9000000|  0%| F|  |TAMS 0x00000000b8000000, 0x00000000b8000000| Untracked 
|  55|0x00000000b9000000, 0x00000000b9000000, 0x00000000ba000000|  0%| F|  |TAMS 0x00000000b9000000, 0x00000000b9000000| Untracked 
|  56|0x00000000ba000000, 0x00000000ba000000, 0x00000000bb000000|  0%| F|  |TAMS 0x00000000ba000000, 0x00000000ba000000| Untracked 
|  57|0x00000000bb000000, 0x00000000bb000000, 0x00000000bc000000|  0%| F|  |TAMS 0x00000000bb000000, 0x00000000bb000000| Untracked 
|  58|0x00000000bc000000, 0x00000000bc000000, 0x00000000bd000000|  0%| F|  |TAMS 0x00000000bc000000, 0x00000000bc000000| Untracked 
|  59|0x00000000bd000000, 0x00000000bd000000, 0x00000000be000000|  0%| F|  |TAMS 0x00000000bd000000, 0x00000000bd000000| Untracked 
|  60|0x00000000be000000, 0x00000000be000000, 0x00000000bf000000|  0%| F|  |TAMS 0x00000000be000000, 0x00000000be000000| Untracked 
|  61|0x00000000bf000000, 0x00000000bf000000, 0x00000000c0000000|  0%| F|  |TAMS 0x00000000bf000000, 0x00000000bf000000| Untracked 
|  62|0x00000000c0000000, 0x00000000c0000000, 0x00000000c1000000|  0%| F|  |TAMS 0x00000000c0000000, 0x00000000c0000000| Untracked 
|  63|0x00000000c1000000, 0x00000000c1000000, 0x00000000c2000000|  0%| F|  |TAMS 0x00000000c1000000, 0x00000000c1000000| Untracked 
|  64|0x00000000c2000000, 0x00000000c2000000, 0x00000000c3000000|  0%| F|  |TAMS 0x00000000c2000000, 0x00000000c2000000| Untracked 
|  65|0x00000000c3000000, 0x00000000c3000000, 0x00000000c4000000|  0%| F|  |TAMS 0x00000000c3000000, 0x00000000c3000000| Untracked 
|  66|0x00000000c4000000, 0x00000000c4000000, 0x00000000c5000000|  0%| F|  |TAMS 0x00000000c4000000, 0x00000000c4000000| Untracked 
|  67|0x00000000c5000000, 0x00000000c5000000, 0x00000000c6000000|  0%| F|  |TAMS 0x00000000c5000000, 0x00000000c5000000| Untracked 
|  68|0x00000000c6000000, 0x00000000c6000000, 0x00000000c7000000|  0%| F|  |TAMS 0x00000000c6000000, 0x00000000c6000000| Untracked 
|  69|0x00000000c7000000, 0x00000000c7000000, 0x00000000c8000000|  0%| F|  |TAMS 0x00000000c7000000, 0x00000000c7000000| Untracked 
|  70|0x00000000c8000000, 0x00000000c8000000, 0x00000000c9000000|  0%| F|  |TAMS 0x00000000c8000000, 0x00000000c8000000| Untracked 
|  71|0x00000000c9000000, 0x00000000c9000000, 0x00000000ca000000|  0%| F|  |TAMS 0x00000000c9000000, 0x00000000c9000000| Untracked 
|  72|0x00000000ca000000, 0x00000000ca000000, 0x00000000cb000000|  0%| F|  |TAMS 0x00000000ca000000, 0x00000000ca000000| Untracked 
|  73|0x00000000cb000000, 0x00000000cb000000, 0x00000000cc000000|  0%| F|  |TAMS 0x00000000cb000000, 0x00000000cb000000| Untracked 
|  74|0x00000000cc000000, 0x00000000cc000000, 0x00000000cd000000|  0%| F|  |TAMS 0x00000000cc000000, 0x00000000cc000000| Untracked 
|  75|0x00000000cd000000, 0x00000000cd000000, 0x00000000ce000000|  0%| F|  |TAMS 0x00000000cd000000, 0x00000000cd000000| Untracked 
|  76|0x00000000ce000000, 0x00000000ce000000, 0x00000000cf000000|  0%| F|  |TAMS 0x00000000ce000000, 0x00000000ce000000| Untracked 
|  77|0x00000000cf000000, 0x00000000cf000000, 0x00000000d0000000|  0%| F|  |TAMS 0x00000000cf000000, 0x00000000cf000000| Untracked 
|  78|0x00000000d0000000, 0x00000000d0000000, 0x00000000d1000000|  0%| F|  |TAMS 0x00000000d0000000, 0x00000000d0000000| Untracked 
|  79|0x00000000d1000000, 0x00000000d1000000, 0x00000000d2000000|  0%| F|  |TAMS 0x00000000d1000000, 0x00000000d1000000| Untracked 
|  80|0x00000000d2000000, 0x00000000d2000000, 0x00000000d3000000|  0%| F|  |TAMS 0x00000000d2000000, 0x00000000d2000000| Untracked 
|  81|0x00000000d3000000, 0x00000000d3000000, 0x00000000d4000000|  0%| F|  |TAMS 0x00000000d3000000, 0x00000000d3000000| Untracked 
|  82|0x00000000d4000000, 0x00000000d4000000, 0x00000000d5000000|  0%| F|  |TAMS 0x00000000d4000000, 0x00000000d4000000| Untracked 
|  83|0x00000000d5000000, 0x00000000d5000000, 0x00000000d6000000|  0%| F|  |TAMS 0x00000000d5000000, 0x00000000d5000000| Untracked 
|  84|0x00000000d6000000, 0x00000000d6000000, 0x00000000d7000000|  0%| F|  |TAMS 0x00000000d6000000, 0x00000000d6000000| Untracked 
|  85|0x00000000d7000000, 0x00000000d7000000, 0x00000000d8000000|  0%| F|  |TAMS 0x00000000d7000000, 0x00000000d7000000| Untracked 
|  86|0x00000000d8000000, 0x00000000d8000000, 0x00000000d9000000|  0%| F|  |TAMS 0x00000000d8000000, 0x00000000d8000000| Untracked 
|  87|0x00000000d9000000, 0x00000000d9000000, 0x00000000da000000|  0%| F|  |TAMS 0x00000000d9000000, 0x00000000d9000000| Untracked 
|  88|0x00000000da000000, 0x00000000da000000, 0x00000000db000000|  0%| F|  |TAMS 0x00000000da000000, 0x00000000da000000| Untracked 
|  89|0x00000000db000000, 0x00000000db000000, 0x00000000dc000000|  0%| F|  |TAMS 0x00000000db000000, 0x00000000db000000| Untracked 
|  90|0x00000000dc000000, 0x00000000dc000000, 0x00000000dd000000|  0%| F|  |TAMS 0x00000000dc000000, 0x00000000dc000000| Untracked 
|  91|0x00000000dd000000, 0x00000000dd000000, 0x00000000de000000|  0%| F|  |TAMS 0x00000000dd000000, 0x00000000dd000000| Untracked 
|  92|0x00000000de000000, 0x00000000de000000, 0x00000000df000000|  0%| F|  |TAMS 0x00000000de000000, 0x00000000de000000| Untracked 
|  93|0x00000000df000000, 0x00000000df000000, 0x00000000e0000000|  0%| F|  |TAMS 0x00000000df000000, 0x00000000df000000| Untracked 
|  94|0x00000000e0000000, 0x00000000e0000000, 0x00000000e1000000|  0%| F|  |TAMS 0x00000000e0000000, 0x00000000e0000000| Untracked 
|  95|0x00000000e1000000, 0x00000000e1000000, 0x00000000e2000000|  0%| F|  |TAMS 0x00000000e1000000, 0x00000000e1000000| Untracked 
|  96|0x00000000e2000000, 0x00000000e2000000, 0x00000000e3000000|  0%| F|  |TAMS 0x00000000e2000000, 0x00000000e2000000| Untracked 
|  97|0x00000000e3000000, 0x00000000e3000000, 0x00000000e4000000|  0%| F|  |TAMS 0x00000000e3000000, 0x00000000e3000000| Untracked 
|  98|0x00000000e4000000, 0x00000000e4000000, 0x00000000e5000000|  0%| F|  |TAMS 0x00000000e4000000, 0x00000000e4000000| Untracked 
|  99|0x00000000e5000000, 0x00000000e5000000, 0x00000000e6000000|  0%| F|  |TAMS 0x00000000e5000000, 0x00000000e5000000| Untracked 
| 100|0x00000000e6000000, 0x00000000e6000000, 0x00000000e7000000|  0%| F|  |TAMS 0x00000000e6000000, 0x00000000e6000000| Untracked 
| 101|0x00000000e7000000, 0x00000000e7000000, 0x00000000e8000000|  0%| F|  |TAMS 0x00000000e7000000, 0x00000000e7000000| Untracked 
| 102|0x00000000e8000000, 0x00000000e8000000, 0x00000000e9000000|  0%| F|  |TAMS 0x00000000e8000000, 0x00000000e8000000| Untracked 
| 103|0x00000000e9000000, 0x00000000e9000000, 0x00000000ea000000|  0%| F|  |TAMS 0x00000000e9000000, 0x00000000e9000000| Untracked 
| 104|0x00000000ea000000, 0x00000000ea000000, 0x00000000eb000000|  0%| F|  |TAMS 0x00000000ea000000, 0x00000000ea000000| Untracked 
| 105|0x00000000eb000000, 0x00000000eb000000, 0x00000000ec000000|  0%| F|  |TAMS 0x00000000eb000000, 0x00000000eb000000| Untracked 
| 106|0x00000000ec000000, 0x00000000ec000000, 0x00000000ed000000|  0%| F|  |TAMS 0x00000000ec000000, 0x00000000ec000000| Untracked 
| 107|0x00000000ed000000, 0x00000000ed000000, 0x00000000ee000000|  0%| F|  |TAMS 0x00000000ed000000, 0x00000000ed000000| Untracked 
| 108|0x00000000ee000000, 0x00000000ee000000, 0x00000000ef000000|  0%| F|  |TAMS 0x00000000ee000000, 0x00000000ee000000| Untracked 
| 109|0x00000000ef000000, 0x00000000ef000000, 0x00000000f0000000|  0%| F|  |TAMS 0x00000000ef000000, 0x00000000ef000000| Untracked 
| 110|0x00000000f0000000, 0x00000000f0000000, 0x00000000f1000000|  0%| F|  |TAMS 0x00000000f0000000, 0x00000000f0000000| Untracked 
| 111|0x00000000f1000000, 0x00000000f1000000, 0x00000000f2000000|  0%| F|  |TAMS 0x00000000f1000000, 0x00000000f1000000| Untracked 
| 112|0x00000000f2000000, 0x00000000f2000000, 0x00000000f3000000|  0%| F|  |TAMS 0x00000000f2000000, 0x00000000f2000000| Untracked 
| 113|0x00000000f3000000, 0x00000000f3000000, 0x00000000f4000000|  0%| F|  |TAMS 0x00000000f3000000, 0x00000000f3000000| Untracked 
| 114|0x00000000f4000000, 0x00000000f4000000, 0x00000000f5000000|  0%| F|  |TAMS 0x00000000f4000000, 0x00000000f4000000| Untracked 
| 115|0x00000000f5000000, 0x00000000f5000000, 0x00000000f6000000|  0%| F|  |TAMS 0x00000000f5000000, 0x00000000f5000000| Untracked 
| 116|0x00000000f6000000, 0x00000000f6000000, 0x00000000f7000000|  0%| F|  |TAMS 0x00000000f6000000, 0x00000000f6000000| Untracked 
| 117|0x00000000f7000000, 0x00000000f7000000, 0x00000000f8000000|  0%| F|  |TAMS 0x00000000f7000000, 0x00000000f7000000| Untracked 
| 118|0x00000000f8000000, 0x00000000f8000000, 0x00000000f9000000|  0%| F|  |TAMS 0x00000000f8000000, 0x00000000f8000000| Untracked 
| 119|0x00000000f9000000, 0x00000000f9000000, 0x00000000fa000000|  0%| F|  |TAMS 0x00000000f9000000, 0x00000000f9000000| Untracked 
| 120|0x00000000fa000000, 0x00000000fa000000, 0x00000000fb000000|  0%| F|  |TAMS 0x00000000fa000000, 0x00000000fa000000| Untracked 
| 121|0x00000000fb000000, 0x00000000fb000000, 0x00000000fc000000|  0%| F|  |TAMS 0x00000000fb000000, 0x00000000fb000000| Untracked 
| 122|0x00000000fc000000, 0x00000000fc000000, 0x00000000fd000000|  0%| F|  |TAMS 0x00000000fc000000, 0x00000000fc000000| Untracked 
| 123|0x00000000fd000000, 0x00000000fd000000, 0x00000000fe000000|  0%| F|  |TAMS 0x00000000fd000000, 0x00000000fd000000| Untracked 
| 124|0x00000000fe000000, 0x00000000fe000000, 0x00000000ff000000|  0%| F|  |TAMS 0x00000000fe000000, 0x00000000fe000000| Untracked 
| 125|0x00000000ff000000, 0x0000000100000000, 0x0000000100000000|100%| E|  |TAMS 0x00000000ff000000, 0x00000000ff000000| Complete 
|1916|0x00000007fe000000, 0x00000007fef76000, 0x00000007ff000000| 96%|OA|  |TAMS 0x00000007fe000000, 0x00000007fe000000| Untracked 
|1917|0x00000007ff000000, 0x00000007ff082000, 0x0000000800000000|  3%|CA|  |TAMS 0x00000007ff000000, 0x00000007ff000000| Untracked 

Card table byte_map: [0x00007fbc55cab000,0x00007fbc5989b000] _byte_map_base: 0x00007fbc5589b000

Marking Bits (Prev, Next): (CMBitMap*) 0x00007fbc694f5eb0, (CMBitMap*) 0x00007fbc694f5ef0
 Prev Bits: [0x00007fbc3413b000, 0x00007fbc520bb000)
 Next Bits: [0x00007fbc161bb000, 0x00007fbc3413b000)

Polling page: 0x00007fbc7134e000

Metaspace:

Usage:
  Non-class:      1,34 MB used.
      Class:    143,19 KB used.
       Both:      1,48 MB used.

Virtual space:
  Non-class space:        8,00 MB reserved,       1,44 MB ( 18%) committed,  1 nodes.
      Class space:        1,00 GB reserved,     256,00 KB ( <1%) committed,  1 nodes.
             Both:        1,01 GB reserved,       1,69 MB ( <1%) committed. 

Chunk freelists:
   Non-Class:  3,97 MB
       Class:  3,74 MB
        Both:  7,71 MB

MaxMetaspaceSize: unlimited
CompressedClassSpaceSize: 1,00 GB
Initial GC threshold: 21,00 MB
Current GC threshold: 21,00 MB
CDS: on
MetaspaceReclaimPolicy: balanced
 - commit_granule_bytes: 65536.
 - commit_granule_words: 8192.
 - virtual_space_node_default_size: 1048576.
 - enlarge_chunks_in_place: 1.
 - new_chunks_are_fully_committed: 0.
 - uncommit_free_chunks: 1.
 - use_allocation_guard: 0.
 - handle_deallocations: 1.


Internal statistics:

num_allocs_failed_limit: 0.
num_arena_births: 16.
num_arena_deaths: 0.
num_vsnodes_births: 2.
num_vsnodes_deaths: 0.
num_space_committed: 27.
num_space_uncommitted: 0.
num_chunks_returned_to_freelist: 0.
num_chunks_taken_from_freelist: 19.
num_chunk_merges: 0.
num_chunk_splits: 10.
num_chunks_enlarged: 6.
num_purges: 0.
num_inconsistent_stats: 0.

CodeCache: size=49152Kb used=4516Kb max_used=4516Kb free=44635Kb
 bounds [0x00007fbc5d48b000, 0x00007fbc5d8fb000, 0x00007fbc6048b000]
 total_blobs=796 nmethods=395 adapters=325
 compilation: enabled
              stopped_count=0, restarted_count=0
 full_count=0

Compilation events (20 events):
Event: 0,536 Thread 0x00007fbbd801a6f0  384   !   1       java.lang.invoke.MemberName::getMethodType (211 bytes)
Event: 0,536 Thread 0x00007fbbd801a6f0 nmethod 384 0x00007fbc5d8e6010 code [0x00007fbc5d8e6240, 0x00007fbc5d8e6a50]
Event: 0,537 Thread 0x00007fbbd801a6f0  386       1       jdk.internal.org.objectweb.asm.SymbolTable::addConstantUtf8 (98 bytes)
Event: 0,537 Thread 0x00007fbbd801a6f0 nmethod 386 0x00007fbc5d8e7710 code [0x00007fbc5d8e7900, 0x00007fbc5d8e7c90]
Event: 0,537 Thread 0x00007fbbd801a6f0  387       1       jdk.internal.org.objectweb.asm.ByteVector::putByte (39 bytes)
Event: 0,537 Thread 0x00007fbbd801a6f0 nmethod 387 0x00007fbc5d8e8210 code [0x00007fbc5d8e83c0, 0x00007fbc5d8e8520]
Event: 0,537 Thread 0x00007fbbd801a6f0  388       1       java.lang.StringLatin1::replace (198 bytes)
Event: 0,538 Thread 0x00007fbbd801a6f0 nmethod 388 0x00007fbc5d8e8710 code [0x00007fbc5d8e8900, 0x00007fbc5d8e8f00]
Event: 0,541 Thread 0x00007fbbd801a6f0  389 %     1       java.util.Properties$LineReader::readLine @ 224 (584 bytes)
Event: 0,543 Thread 0x00007fbbd801a6f0 nmethod 389% 0x00007fbc5d8e9610 code [0x00007fbc5d8e98c0, 0x00007fbc5d8eb170]
Event: 0,543 Thread 0x00007fbbdc044b00  390       1       java.util.Properties$LineReader::readLine (584 bytes)
Event: 0,545 Thread 0x00007fbbdc044b00 nmethod 390 0x00007fbc5d8ec990 code [0x00007fbc5d8ecc20, 0x00007fbc5d8eded0]
Event: 0,545 Thread 0x00007fbbdc044b00  391       1       java.lang.ref.WeakReference::<init> (7 bytes)
Event: 0,546 Thread 0x00007fbbdc044b00 nmethod 391 0x00007fbc5d8ef510 code [0x00007fbc5d8ef6a0, 0x00007fbc5d8ef830]
Event: 0,546 Thread 0x00007fbbdc044b00  392       1       sun.invoke.util.VerifyAccess::isTypeVisible (118 bytes)
Event: 0,547 Thread 0x00007fbbdc044b00 nmethod 392 0x00007fbc5d8f0510 code [0x00007fbc5d8f07c0, 0x00007fbc5d8f1110]
Event: 0,547 Thread 0x00007fbbdc046040  393       1       java.lang.invoke.MethodType::checkPtypes (76 bytes)
Event: 0,547 Thread 0x00007fbbd8019590  394       1       java.lang.invoke.MethodTypeForm::erasedType (5 bytes)
Event: 0,547 Thread 0x00007fbbd8019590 nmethod 394 0x00007fbc5d8f2590 code [0x00007fbc5d8f2720, 0x00007fbc5d8f27f0]
Event: 0,547 Thread 0x00007fbbdc046040 nmethod 393 0x00007fbc5d8f2890 code [0x00007fbc5d8f2aa0, 0x00007fbc5d8f2ec0]

GC Heap History (0 events):
No events

Deoptimization events (0 events):
No events

Classes unloaded (0 events):
No events

Classes redefined (0 events):
No events

Internal exceptions (3 events):
Event: 0,300 Thread 0x00007fbc6a8c16a0 Exception <a 'java/lang/NoSuchMethodError'{0x00000000ff9efa20}: 'java.lang.Object java.lang.invoke.DirectMethodHandle$Holder.invokeStaticInit(java.lang.Object)'> (0x00000000ff9efa20) 
thrown [src/hotspot/share/interpreter/linkResolver.cpp, line 759]
Event: 0,306 Thread 0x00007fbc6a8c16a0 Exception <a 'java/lang/NoSuchMethodError'{0x00000000ff9fe110}: 'void java.lang.invoke.DirectMethodHandle$Holder.invokeStatic(java.lang.Object, java.lang.Object)'> (0x00000000ff9fe110) 
thrown [src/hotspot/share/interpreter/linkResolver.cpp, line 759]
Event: 0,520 Thread 0x00007fbbf4000e70 Exception <a 'java/lang/NoSuchMethodError'{0x00000000ffe53830}: 'java.lang.Object java.lang.invoke.DirectMethodHandle$Holder.invokeStaticInit(java.lang.Object, int)'> (0x00000000ffe53830) 
thrown [src/hotspot/share/interpreter/linkResolver.cpp, line 759]

VM Operations (6 events):
Event: 0,156 Executing VM operation: HandshakeAllThreads
Event: 0,156 Executing VM operation: HandshakeAllThreads done
Event: 0,299 Executing VM operation: HandshakeAllThreads
Event: 0,299 Executing VM operation: HandshakeAllThreads done
Event: 0,310 Executing VM operation: HandshakeAllThreads
Event: 0,310 Executing VM operation: HandshakeAllThreads done

Events (20 events):
Event: 0,539 loading class java/util/concurrent/ConcurrentSkipListMap$KeyIterator
Event: 0,539 loading class java/util/concurrent/ConcurrentSkipListMap$Iter
Event: 0,539 loading class java/util/concurrent/ConcurrentSkipListMap$Iter done
Event: 0,539 loading class java/util/concurrent/ConcurrentSkipListMap$KeyIterator done
Event: 0,539 loading class java/net/InetAddress$NameServiceAddresses
Event: 0,539 loading class java/net/InetAddress$Addresses
Event: 0,539 loading class java/net/InetAddress$Addresses done
Event: 0,539 loading class java/net/InetAddress$NameServiceAddresses done
Event: 0,539 loading class sun/net/InetAddressCachePolicy
Event: 0,539 loading class sun/net/InetAddressCachePolicy done
Event: 0,539 loading class sun/net/InetAddressCachePolicy$1
Event: 0,539 loading class sun/net/InetAddressCachePolicy$1 done
Event: 0,545 loading class sun/net/InetAddressCachePolicy$2
Event: 0,545 loading class sun/net/InetAddressCachePolicy$2 done
Event: 0,545 loading class java/net/InetAddress$CachedAddresses
Event: 0,545 loading class java/net/InetAddress$CachedAddresses done
Event: 0,548 loading class java/util/concurrent/atomic/Striped64$1
Event: 0,548 loading class java/util/concurrent/atomic/Striped64$1 done
Event: 0,548 loading class java/lang/management/ManagementFactory
Event: 0,548 loading class java/lang/management/ManagementFactory done


Dynamic libraries:
82000000-100000000 rw-p 00000000 00:00 0 
100000000-7fe000000 ---p 00000000 00:00 0 
7fe000000-7fef00000 rw-p 00000000 00:00 0 
7fef00000-7fef76000 rw-p 00c9b000 103:05 13766100                        /home/mesut/.jdks/corretto-17.0.4.1/lib/server/classes.jsa
7fef76000-7ff000000 rw-p 00000000 00:00 0 
7ff000000-7ff082000 rw-p 00c19000 103:05 13766100                        /home/mesut/.jdks/corretto-17.0.4.1/lib/server/classes.jsa
7ff082000-800000000 rw-p 00000000 00:00 0 
800000000-800be0000 rw-p 00001000 103:05 13766100                        /home/mesut/.jdks/corretto-17.0.4.1/lib/server/classes.jsa
800be0000-800c00000 ---p 00000000 00:00 0 
800c00000-800c10000 rw-p 00000000 00:00 0 
800c10000-800c40000 ---p 00000000 00:00 0 
800c40000-800c70000 rw-p 00000000 00:00 0 
800c70000-840c00000 ---p 00000000 00:00 0 
55da21200000-55da21201000 r-xp 00000000 103:05 13766939                  /home/mesut/.jdks/corretto-17.0.4.1/bin/java
55da21401000-55da21402000 r--p 00001000 103:05 13766939                  /home/mesut/.jdks/corretto-17.0.4.1/bin/java
55da21402000-55da21403000 rw-p 00002000 103:05 13766939                  /home/mesut/.jdks/corretto-17.0.4.1/bin/java
55da21a97000-55da21ab8000 rw-p 00000000 00:00 0                          [heap]
7fbbbc000000-7fbbbc021000 rw-p 00000000 00:00 0 
7fbbbc021000-7fbbc0000000 ---p 00000000 00:00 0 
7fbbc0000000-7fbbc0066000 rw-p 00000000 00:00 0 
7fbbc0066000-7fbbc4000000 ---p 00000000 00:00 0 
7fbbc4000000-7fbbc4021000 rw-p 00000000 00:00 0 
7fbbc4021000-7fbbc8000000 ---p 00000000 00:00 0 
7fbbc8000000-7fbbc8021000 rw-p 00000000 00:00 0 
7fbbc8021000-7fbbcc000000 ---p 00000000 00:00 0 
7fbbcc000000-7fbbcc021000 rw-p 00000000 00:00 0 
7fbbcc021000-7fbbd0000000 ---p 00000000 00:00 0 
7fbbd0000000-7fbbd0066000 rw-p 00000000 00:00 0 
7fbbd0066000-7fbbd4000000 ---p 00000000 00:00 0 
7fbbd4000000-7fbbd4021000 rw-p 00000000 00:00 0 
7fbbd4021000-7fbbd8000000 ---p 00000000 00:00 0 
7fbbd8000000-7fbbd802d000 rw-p 00000000 00:00 0 
7fbbd802d000-7fbbdc000000 ---p 00000000 00:00 0 
7fbbdc000000-7fbbdc072000 rw-p 00000000 00:00 0 
7fbbdc072000-7fbbe0000000 ---p 00000000 00:00 0 
7fbbe0000000-7fbbe0021000 rw-p 00000000 00:00 0 
7fbbe0021000-7fbbe4000000 ---p 00000000 00:00 0 
7fbbe4000000-7fbbe4021000 rw-p 00000000 00:00 0 
7fbbe4021000-7fbbe8000000 ---p 00000000 00:00 0 
7fbbe8000000-7fbbe8021000 rw-p 00000000 00:00 0 
7fbbe8021000-7fbbec000000 ---p 00000000 00:00 0 
7fbbee36a000-7fbbee947000 rw-p 00000000 00:00 0 
7fbbeeaa8000-7fbbeeaac000 r-xp 00000000 103:05 13766116                  /home/mesut/.jdks/corretto-17.0.4.1/lib/libmanagement.so
7fbbeeaac000-7fbbeecab000 ---p 00004000 103:05 13766116                  /home/mesut/.jdks/corretto-17.0.4.1/lib/libmanagement.so
7fbbeecab000-7fbbeecac000 r--p 00003000 103:05 13766116                  /home/mesut/.jdks/corretto-17.0.4.1/lib/libmanagement.so
7fbbeecac000-7fbbeecad000 rw-p 00000000 00:00 0 
7fbbeecad000-7fbbeecb1000 ---p 00000000 00:00 0 
7fbbeecb1000-7fbbeedae000 rw-p 00000000 00:00 0 
7fbbeedae000-7fbbeedb0000 r-xp 00000000 103:05 13766134                  /home/mesut/.jdks/corretto-17.0.4.1/lib/libextnet.so
7fbbeedb0000-7fbbeefaf000 ---p 00002000 103:05 13766134                  /home/mesut/.jdks/corretto-17.0.4.1/lib/libextnet.so
7fbbeefaf000-7fbbeefb0000 r--p 00001000 103:05 13766134                  /home/mesut/.jdks/corretto-17.0.4.1/lib/libextnet.so
7fbbeefb0000-7fbbeefb1000 rw-p 00000000 00:00 0 
7fbbeefb1000-7fbbeefb5000 ---p 00000000 00:00 0 
7fbbeefb5000-7fbbef0b2000 rw-p 00000000 00:00 0 
7fbbef0b2000-7fbbef0c6000 r-xp 00000000 103:05 13766087                  /home/mesut/.jdks/corretto-17.0.4.1/lib/libnet.so
7fbbef0c6000-7fbbef2c6000 ---p 00014000 103:05 13766087                  /home/mesut/.jdks/corretto-17.0.4.1/lib/libnet.so
7fbbef2c6000-7fbbef2c7000 r--p 00014000 103:05 13766087                  /home/mesut/.jdks/corretto-17.0.4.1/lib/libnet.so
7fbbef2c7000-7fbbef2c8000 rw-p 00015000 103:05 13766087                  /home/mesut/.jdks/corretto-17.0.4.1/lib/libnet.so
7fbbef2c8000-7fbbef2da000 r-xp 00000000 103:05 13766088                  /home/mesut/.jdks/corretto-17.0.4.1/lib/libnio.so
7fbbef2da000-7fbbef4d9000 ---p 00012000 103:05 13766088                  /home/mesut/.jdks/corretto-17.0.4.1/lib/libnio.so
7fbbef4d9000-7fbbef4da000 r--p 00011000 103:05 13766088                  /home/mesut/.jdks/corretto-17.0.4.1/lib/libnio.so
7fbbef4da000-7fbbef4db000 rw-p 00012000 103:05 13766088                  /home/mesut/.jdks/corretto-17.0.4.1/lib/libnio.so
7fbbef4db000-7fbbef4f5000 r-xp 00000000 103:05 13766090                  /home/mesut/.jdks/corretto-17.0.4.1/lib/libzip.so
7fbbef4f5000-7fbbef6f5000 ---p 0001a000 103:05 13766090                  /home/mesut/.jdks/corretto-17.0.4.1/lib/libzip.so
7fbbef6f5000-7fbbef6f6000 r--p 0001a000 103:05 13766090                  /home/mesut/.jdks/corretto-17.0.4.1/lib/libzip.so
7fbbef6f6000-7fbbef6f7000 rw-p 00000000 00:00 0 
7fbbef6f7000-7fbbef6fb000 ---p 00000000 00:00 0 
7fbbef6fb000-7fbbef7f8000 rw-p 00000000 00:00 0 
7fbbef7f8000-7fbbef7fc000 ---p 00000000 00:00 0 
7fbbef7fc000-7fbbef8f9000 rw-p 00000000 00:00 0 
7fbbef8f9000-7fbbef8fd000 ---p 00000000 00:00 0 
7fbbef8fd000-7fbbef9fa000 rw-p 00000000 00:00 0 
7fbbef9fa000-7fbbef9fe000 ---p 00000000 00:00 0 
7fbbef9fe000-7fbbefafb000 rw-p 00000000 00:00 0 
7fbbefafb000-7fbbefaff000 ---p 00000000 00:00 0 
7fbbefaff000-7fbbefbfc000 rw-p 00000000 00:00 0 
7fbbefbfc000-7fbbefc00000 ---p 00000000 00:00 0 
7fbbefc00000-7fbbefcfd000 rw-p 00000000 00:00 0 
7fbbefcfd000-7fbbefd01000 ---p 00000000 00:00 0 
7fbbefd01000-7fbbefdfe000 rw-p 00000000 00:00 0 
7fbbefdfe000-7fbbefe02000 ---p 00000000 00:00 0 
7fbbefe02000-7fbbefeff000 rw-p 00000000 00:00 0 
7fbbefeff000-7fbbeff03000 ---p 00000000 00:00 0 
7fbbeff03000-7fbbf0000000 rw-p 00000000 00:00 0 
7fbbf0000000-7fbbf0021000 rw-p 00000000 00:00 0 
7fbbf0021000-7fbbf4000000 ---p 00000000 00:00 0 
7fbbf4000000-7fbbf4021000 rw-p 00000000 00:00 0 
7fbbf4021000-7fbbf8000000 ---p 00000000 00:00 0 
7fbbf8000000-7fbbf8021000 rw-p 00000000 00:00 0 
7fbbf8021000-7fbbfc000000 ---p 00000000 00:00 0 
7fbbfc000000-7fbbfc021000 rw-p 00000000 00:00 0 
7fbbfc021000-7fbc00000000 ---p 00000000 00:00 0 
7fbc00000000-7fbc00021000 rw-p 00000000 00:00 0 
7fbc00021000-7fbc04000000 ---p 00000000 00:00 0 
7fbc04000000-7fbc04021000 rw-p 00000000 00:00 0 
7fbc04021000-7fbc08000000 ---p 00000000 00:00 0 
7fbc08000000-7fbc08021000 rw-p 00000000 00:00 0 
7fbc08021000-7fbc0c000000 ---p 00000000 00:00 0 
7fbc0c000000-7fbc0c021000 rw-p 00000000 00:00 0 
7fbc0c021000-7fbc10000000 ---p 00000000 00:00 0 
7fbc10000000-7fbc10021000 rw-p 00000000 00:00 0 
7fbc10021000-7fbc14000000 ---p 00000000 00:00 0 
7fbc140ba000-7fbc140be000 ---p 00000000 00:00 0 
7fbc140be000-7fbc1813b000 rw-p 00000000 00:00 0 
7fbc1813b000-7fbc340bb000 ---p 00000000 00:00 0 
7fbc340bb000-7fbc360bb000 rw-p 00000000 00:00 0 
7fbc360bb000-7fbc5203b000 ---p 00000000 00:00 0 
7fbc5203b000-7fbc524ab000 rw-p 00000000 00:00 0 
7fbc524ab000-7fbc55c9b000 ---p 00000000 00:00 0 
7fbc55c9b000-7fbc5609b000 rw-p 00000000 00:00 0 
7fbc5609b000-7fbc5988b000 ---p 00000000 00:00 0 
7fbc5988b000-7fbc59c8b000 rw-p 00000000 00:00 0 
7fbc59c8b000-7fbc5d47b000 ---p 00000000 00:00 0 
7fbc5d47b000-7fbc5d48b000 rw-p 00000000 00:00 0 
7fbc5d48b000-7fbc5d8fb000 rwxp 00000000 00:00 0 
7fbc5d8fb000-7fbc6048b000 ---p 00000000 00:00 0 
7fbc6048b000-7fbc68000000 r--s 00000000 103:05 13766077                  /home/mesut/.jdks/corretto-17.0.4.1/lib/modules
7fbc68000000-7fbc6b490000 rw-p 00000000 00:00 0 
7fbc6b490000-7fbc6c000000 ---p 00000000 00:00 0 
7fbc6c0e1000-7fbc6c0e5000 ---p 00000000 00:00 0 
7fbc6c0e5000-7fbc6c1e2000 rw-p 00000000 00:00 0 
7fbc6c1e2000-7fbc6c9fe000 r--p 00000000 103:05 2490564                   /usr/lib/locale/locale-archive
7fbc6c9fe000-7fbc6ca02000 ---p 00000000 00:00 0 
7fbc6ca02000-7fbc6caff000 rw-p 00000000 00:00 0 
7fbc6caff000-7fbc6cb03000 ---p 00000000 00:00 0 
7fbc6cb03000-7fbc6cd60000 rw-p 00000000 00:00 0 
7fbc6cd60000-7fbc6d000000 ---p 00000000 00:00 0 
7fbc6d000000-7fbc6d010000 rw-p 00000000 00:00 0 
7fbc6d010000-7fbc6d400000 ---p 00000000 00:00 0 
7fbc6d42d000-7fbc6d42e000 ---p 00000000 00:00 0 
7fbc6d42e000-7fbc6d52f000 rw-p 00000000 00:00 0 
7fbc6d52f000-7fbc6d5fd000 r-xp 00000000 103:05 13766126                  /home/mesut/.jdks/corretto-17.0.4.1/lib/libjsvml.so
7fbc6d5fd000-7fbc6d7fc000 ---p 000ce000 103:05 13766126                  /home/mesut/.jdks/corretto-17.0.4.1/lib/libjsvml.so
7fbc6d7fc000-7fbc6d7fd000 r--p 000cd000 103:05 13766126                  /home/mesut/.jdks/corretto-17.0.4.1/lib/libjsvml.so
7fbc6d7fd000-7fbc6d7fe000 rw-p 000ce000 103:05 13766126                  /home/mesut/.jdks/corretto-17.0.4.1/lib/libjsvml.so
7fbc6d7fe000-7fbc6d7ff000 ---p 00000000 00:00 0 
7fbc6d7ff000-7fbc6d900000 rw-p 00000000 00:00 0 
7fbc6d900000-7fbc6d901000 ---p 00000000 00:00 0 
7fbc6d901000-7fbc6da02000 rw-p 00000000 00:00 0 
7fbc6da02000-7fbc6da03000 ---p 00000000 00:00 0 
7fbc6da03000-7fbc6db04000 rw-p 00000000 00:00 0 
7fbc6db04000-7fbc6db05000 ---p 00000000 00:00 0 
7fbc6db05000-7fbc6dc06000 rw-p 00000000 00:00 0 
7fbc6dc06000-7fbc6dc07000 ---p 00000000 00:00 0 
7fbc6dc07000-7fbc6ddc0000 rw-p 00000000 00:00 0 
7fbc6ddc0000-7fbc6e0c1000 rw-p 00000000 00:00 0 
7fbc6e0d2000-7fbc6e24a000 rw-p 00000000 00:00 0 
7fbc6e2f0000-7fbc6e2f9000 rw-p 00000000 00:00 0 
7fbc6e2f9000-7fbc6e350000 ---p 00000000 00:00 0 
7fbc6e350000-7fbc6e353000 r--p 00000000 103:05 2496633                   /usr/lib/x86_64-linux-gnu/libnss_files-2.31.so
7fbc6e353000-7fbc6e35a000 r-xp 00003000 103:05 2496633                   /usr/lib/x86_64-linux-gnu/libnss_files-2.31.so
7fbc6e35a000-7fbc6e35c000 r--p 0000a000 103:05 2496633                   /usr/lib/x86_64-linux-gnu/libnss_files-2.31.so
7fbc6e35c000-7fbc6e35d000 r--p 0000b000 103:05 2496633                   /usr/lib/x86_64-linux-gnu/libnss_files-2.31.so
7fbc6e35d000-7fbc6e35e000 rw-p 0000c000 103:05 2496633                   /usr/lib/x86_64-linux-gnu/libnss_files-2.31.so
7fbc6e35e000-7fbc6edd6000 rw-p 00000000 00:00 0 
7fbc6edd6000-7fbc6ee6c000 r--p 00000000 103:05 2492001                   /usr/lib/x86_64-linux-gnu/libstdc++.so.6.0.28
7fbc6ee6c000-7fbc6ef5d000 r-xp 00096000 103:05 2492001                   /usr/lib/x86_64-linux-gnu/libstdc++.so.6.0.28
7fbc6ef5d000-7fbc6efa6000 r--p 00187000 103:05 2492001                   /usr/lib/x86_64-linux-gnu/libstdc++.so.6.0.28
7fbc6efa6000-7fbc6efa7000 ---p 001d0000 103:05 2492001                   /usr/lib/x86_64-linux-gnu/libstdc++.so.6.0.28
7fbc6efa7000-7fbc6efb2000 r--p 001d0000 103:05 2492001                   /usr/lib/x86_64-linux-gnu/libstdc++.so.6.0.28
7fbc6efb2000-7fbc6efb5000 rw-p 001db000 103:05 2492001                   /usr/lib/x86_64-linux-gnu/libstdc++.so.6.0.28
7fbc6efb5000-7fbc6efb8000 rw-p 00000000 00:00 0 
7fbc6efd6000-7fbc6efdd000 r--s 00000000 103:05 3157722                   /usr/lib/x86_64-linux-gnu/gconv/gconv-modules.cache
7fbc6efdd000-7fbc6f032000 r-xp 00000000 103:05 17570038                  /tmp/libasyncProfiler.so
7fbc6f032000-7fbc6f232000 ---p 00055000 103:05 17570038                  /tmp/libasyncProfiler.so
7fbc6f232000-7fbc6f233000 r--p 00055000 103:05 17570038                  /tmp/libasyncProfiler.so
7fbc6f233000-7fbc6f234000 rw-p 00056000 103:05 17570038                  /tmp/libasyncProfiler.so
7fbc6f234000-7fbc6f235000 rw-p 00000000 00:00 0 
7fbc6f235000-7fbc6f259000 r-xp 00000000 103:05 13766083                  /home/mesut/.jdks/corretto-17.0.4.1/lib/libjava.so
7fbc6f259000-7fbc6f458000 ---p 00024000 103:05 13766083                  /home/mesut/.jdks/corretto-17.0.4.1/lib/libjava.so
7fbc6f458000-7fbc6f459000 r--p 00023000 103:05 13766083                  /home/mesut/.jdks/corretto-17.0.4.1/lib/libjava.so
7fbc6f459000-7fbc6f45a000 rw-p 00024000 103:05 13766083                  /home/mesut/.jdks/corretto-17.0.4.1/lib/libjava.so
7fbc6f45a000-7fbc6f45b000 rw-p 00000000 00:00 0 
7fbc6f45b000-7fbc6f465000 r-xp 00000000 103:05 13766115                  /home/mesut/.jdks/corretto-17.0.4.1/lib/libinstrument.so
7fbc6f465000-7fbc6f664000 ---p 0000a000 103:05 13766115                  /home/mesut/.jdks/corretto-17.0.4.1/lib/libinstrument.so
7fbc6f664000-7fbc6f665000 r--p 00009000 103:05 13766115                  /home/mesut/.jdks/corretto-17.0.4.1/lib/libinstrument.so
7fbc6f665000-7fbc6f666000 rw-p 0000a000 103:05 13766115                  /home/mesut/.jdks/corretto-17.0.4.1/lib/libinstrument.so
7fbc6f666000-7fbc6f681000 r-xp 00000000 103:05 13766084                  /home/mesut/.jdks/corretto-17.0.4.1/lib/libjimage.so
7fbc6f681000-7fbc6f880000 ---p 0001b000 103:05 13766084                  /home/mesut/.jdks/corretto-17.0.4.1/lib/libjimage.so
7fbc6f880000-7fbc6f882000 r--p 0001a000 103:05 13766084                  /home/mesut/.jdks/corretto-17.0.4.1/lib/libjimage.so
7fbc6f882000-7fbc6f883000 rw-p 0001c000 103:05 13766084                  /home/mesut/.jdks/corretto-17.0.4.1/lib/libjimage.so
7fbc6f883000-7fbc6f887000 ---p 00000000 00:00 0 
7fbc6f887000-7fbc6f984000 rw-p 00000000 00:00 0 
7fbc6f984000-7fbc6f991000 r--p 00000000 103:05 2495549                   /usr/lib/x86_64-linux-gnu/libm-2.31.so
7fbc6f991000-7fbc6fa38000 r-xp 0000d000 103:05 2495549                   /usr/lib/x86_64-linux-gnu/libm-2.31.so
7fbc6fa38000-7fbc6fad1000 r--p 000b4000 103:05 2495549                   /usr/lib/x86_64-linux-gnu/libm-2.31.so
7fbc6fad1000-7fbc6fad2000 r--p 0014c000 103:05 2495549                   /usr/lib/x86_64-linux-gnu/libm-2.31.so
7fbc6fad2000-7fbc6fad3000 rw-p 0014d000 103:05 2495549                   /usr/lib/x86_64-linux-gnu/libm-2.31.so
7fbc6fad3000-7fbc6fad5000 r--p 00000000 103:05 2496936                   /usr/lib/x86_64-linux-gnu/librt-2.31.so
7fbc6fad5000-7fbc6fad9000 r-xp 00002000 103:05 2496936                   /usr/lib/x86_64-linux-gnu/librt-2.31.so
7fbc6fad9000-7fbc6fadb000 r--p 00006000 103:05 2496936                   /usr/lib/x86_64-linux-gnu/librt-2.31.so
7fbc6fadb000-7fbc6fadc000 r--p 00007000 103:05 2496936                   /usr/lib/x86_64-linux-gnu/librt-2.31.so
7fbc6fadc000-7fbc6fadd000 rw-p 00008000 103:05 2496936                   /usr/lib/x86_64-linux-gnu/librt-2.31.so
7fbc6fadd000-7fbc70dc7000 r-xp 00000000 103:05 13766098                  /home/mesut/.jdks/corretto-17.0.4.1/lib/server/libjvm.so
7fbc70dc7000-7fbc70fc7000 ---p 012ea000 103:05 13766098                  /home/mesut/.jdks/corretto-17.0.4.1/lib/server/libjvm.so
7fbc70fc7000-7fbc7107f000 r--p 012ea000 103:05 13766098                  /home/mesut/.jdks/corretto-17.0.4.1/lib/server/libjvm.so
7fbc7107f000-7fbc710b5000 rw-p 013a2000 103:05 13766098                  /home/mesut/.jdks/corretto-17.0.4.1/lib/server/libjvm.so
7fbc710b5000-7fbc71110000 rw-p 00000000 00:00 0 
7fbc71110000-7fbc71132000 r--p 00000000 103:05 2494252                   /usr/lib/x86_64-linux-gnu/libc-2.31.so
7fbc71132000-7fbc712aa000 r-xp 00022000 103:05 2494252                   /usr/lib/x86_64-linux-gnu/libc-2.31.so
7fbc712aa000-7fbc712f8000 r--p 0019a000 103:05 2494252                   /usr/lib/x86_64-linux-gnu/libc-2.31.so
7fbc712f8000-7fbc712fc000 r--p 001e7000 103:05 2494252                   /usr/lib/x86_64-linux-gnu/libc-2.31.so
7fbc712fc000-7fbc712fe000 rw-p 001eb000 103:05 2494252                   /usr/lib/x86_64-linux-gnu/libc-2.31.so
7fbc712fe000-7fbc71302000 rw-p 00000000 00:00 0 
7fbc71302000-7fbc71303000 r--p 00000000 103:05 2495477                   /usr/lib/x86_64-linux-gnu/libdl-2.31.so
7fbc71303000-7fbc71305000 r-xp 00001000 103:05 2495477                   /usr/lib/x86_64-linux-gnu/libdl-2.31.so
7fbc71305000-7fbc71306000 r--p 00003000 103:05 2495477                   /usr/lib/x86_64-linux-gnu/libdl-2.31.so
7fbc71306000-7fbc71307000 r--p 00003000 103:05 2495477                   /usr/lib/x86_64-linux-gnu/libdl-2.31.so
7fbc71307000-7fbc71308000 rw-p 00004000 103:05 2495477                   /usr/lib/x86_64-linux-gnu/libdl-2.31.so
7fbc71308000-7fbc7130e000 r--p 00000000 103:05 2496928                   /usr/lib/x86_64-linux-gnu/libpthread-2.31.so
7fbc7130e000-7fbc7131f000 r-xp 00006000 103:05 2496928                   /usr/lib/x86_64-linux-gnu/libpthread-2.31.so
7fbc7131f000-7fbc71325000 r--p 00017000 103:05 2496928                   /usr/lib/x86_64-linux-gnu/libpthread-2.31.so
7fbc71325000-7fbc71326000 r--p 0001c000 103:05 2496928                   /usr/lib/x86_64-linux-gnu/libpthread-2.31.so
7fbc71326000-7fbc71327000 rw-p 0001d000 103:05 2496928                   /usr/lib/x86_64-linux-gnu/libpthread-2.31.so
7fbc71327000-7fbc7132b000 rw-p 00000000 00:00 0 
7fbc7132b000-7fbc71333000 rw-s 00000000 103:05 17570047                  /tmp/hsperfdata_mesut/109324
7fbc71333000-7fbc71336000 r--p 00000000 103:05 2492551                   /usr/lib/x86_64-linux-gnu/libgcc_s.so.1
7fbc71336000-7fbc71348000 r-xp 00003000 103:05 2492551                   /usr/lib/x86_64-linux-gnu/libgcc_s.so.1
7fbc71348000-7fbc7134c000 r--p 00015000 103:05 2492551                   /usr/lib/x86_64-linux-gnu/libgcc_s.so.1
7fbc7134c000-7fbc7134d000 r--p 00018000 103:05 2492551                   /usr/lib/x86_64-linux-gnu/libgcc_s.so.1
7fbc7134d000-7fbc7134e000 rw-p 00019000 103:05 2492551                   /usr/lib/x86_64-linux-gnu/libgcc_s.so.1
7fbc7134e000-7fbc7134f000 ---p 00000000 00:00 0 
7fbc7134f000-7fbc71350000 r--p 00000000 00:00 0 
7fbc71350000-7fbc71369000 r-xp 00000000 103:05 13766085                  /home/mesut/.jdks/corretto-17.0.4.1/lib/libjli.so
7fbc71369000-7fbc71568000 ---p 00019000 103:05 13766085                  /home/mesut/.jdks/corretto-17.0.4.1/lib/libjli.so
7fbc71568000-7fbc71569000 r--p 00018000 103:05 13766085                  /home/mesut/.jdks/corretto-17.0.4.1/lib/libjli.so
7fbc71569000-7fbc7156a000 rw-p 00019000 103:05 13766085                  /home/mesut/.jdks/corretto-17.0.4.1/lib/libjli.so
7fbc7156a000-7fbc7156c000 rw-p 00000000 00:00 0 
7fbc7156c000-7fbc7156d000 r--p 00000000 103:05 2494243                   /usr/lib/x86_64-linux-gnu/ld-2.31.so
7fbc7156d000-7fbc71590000 r-xp 00001000 103:05 2494243                   /usr/lib/x86_64-linux-gnu/ld-2.31.so
7fbc71590000-7fbc71598000 r--p 00024000 103:05 2494243                   /usr/lib/x86_64-linux-gnu/ld-2.31.so
7fbc71598000-7fbc71599000 ---p 00000000 00:00 0 
7fbc71599000-7fbc7159a000 r--p 0002c000 103:05 2494243                   /usr/lib/x86_64-linux-gnu/ld-2.31.so
7fbc7159a000-7fbc7159b000 rw-p 0002d000 103:05 2494243                   /usr/lib/x86_64-linux-gnu/ld-2.31.so
7fbc7159b000-7fbc7159c000 rw-p 00000000 00:00 0 
7ffda662c000-7ffda664f000 rw-p 00000000 00:00 0                          [stack]
7ffda6773000-7ffda6777000 r--p 00000000 00:00 0                          [vvar]
7ffda6777000-7ffda6779000 r-xp 00000000 00:00 0                          [vdso]
ffffffffff600000-ffffffffff601000 --xp 00000000 00:00 0                  [vsyscall]


VM Arguments:
jvm_args: -XX:TieredStopAtLevel=1 -Dspring.output.ansi.enabled=always -Dcom.sun.management.jmxremote -Dspring.jmx.enabled=true -Dspring.liveBeansView.mbeanDomain -Dspring.application.admin.enabled=true -Dmanagement.endpoints.jmx.exposure.include=* -javaagent:/snap/intellij-idea-ultimate/401/lib/idea_rt.jar=35293:/snap/intellij-idea-ultimate/401/bin -agentpath:/tmp/libasyncProfiler.so=start,jfr,event=cpu,interval=10ms,jfrsync=profile,cstack=no,file=/home/mesut/NorthwindApplication_2023_01_14_172032.jfr -Dfile.encoding=UTF-8 
java_command: kodlamaio.northwind.NorthwindApplication
java_class_path (initial): /home/mesut/Downloads/campjavabackend-master/northwind/target/classes:/home/mesut/.m2/repository/org/springframework/boot/spring-boot-starter-data-jpa/2.4.5/spring-boot-starter-data-jpa-2.4.5.jar:/home/mesut/.m2/repository/org/springframework/boot/spring-boot-starter-aop/2.4.5/spring-boot-starter-aop-2.4.5.jar:/home/mesut/.m2/repository/org/springframework/spring-aop/5.3.6/spring-aop-5.3.6.jar:/home/mesut/.m2/repository/org/aspectj/aspectjweaver/1.9.6/aspectjweaver-1.9.6.jar:/home/mesut/.m2/repository/org/springframework/boot/spring-boot-starter-jdbc/2.4.5/spring-boot-starter-jdbc-2.4.5.jar:/home/mesut/.m2/repository/com/zaxxer/HikariCP/3.4.5/HikariCP-3.4.5.jar:/home/mesut/.m2/repository/org/springframework/spring-jdbc/5.3.6/spring-jdbc-5.3.6.jar:/home/mesut/.m2/repository/jakarta/transaction/jakarta.transaction-api/1.3.3/jakarta.transaction-api-1.3.3.jar:/home/mesut/.m2/repository/jakarta/persistence/jakarta.persistence-api/2.2.3/jakarta.persistence-api-2.2.3.jar:/home/mesut/.m2/repository/org/springframework/data/spring-data-jpa/2.4.8/spring-data-jpa-2.4.8.jar:/home/mesut/.m2/repository/org/springframework/spring-orm/5.3.6/spring-orm-5.3.6.jar:/home/mesut/.m2/repository/org/springframework/spring-context/5.3.6/spring-context-5.3.6.jar:/home/mesut/.m2/repository/org/springframework/spring-tx/5.3.6/spring-tx-5.3.6.jar:/home/mesut/.m2/repository/org/springframework/spring-aspects/5.3.6/spring-aspects-5.3.6.jar:/home/mesut/.m2/repository/org/springframework/boot/spring-boot-starter-web/2.4.5/spring-boot-starter-web-2.4.5.jar:/home/mesut/.m2/repository/org/springframework/boot/spring-boot-starter/2.4.5/spring-boot-starter-2.4.5.jar:/home/mesut/.m2/repository/org/springframework/boot/spring-boot-starter-logging/2.4.5/spring-boot-starter-logging-2.4.5.jar:/home/mesut/.m2/repository/ch/qos/logback/logback-classic/1.2.3/logback-classic-1.2.3.jar:/home/mesut/.m2/repository/ch/qos/logback/logback-core/1.2.3/logback-core-1.2.3.jar:/home/mesut/.m2/
Launcher Type: SUN_STANDARD

[Global flags]
     intx CICompilerCount                          = 12                                        {product} {ergonomic}
     uint ConcGCThreads                            = 3                                         {product} {ergonomic}
     uint G1ConcRefinementThreads                  = 13                                        {product} {ergonomic}
   size_t G1HeapRegionSize                         = 16777216                                  {product} {ergonomic}
    uintx GCDrainStackTargetSize                   = 64                                        {product} {ergonomic}
   size_t InitialHeapSize                          = 2113929216                                {product} {ergonomic}
     bool ManagementServer                         = true                                      {product} {command line}
   size_t MarkStackSize                            = 4194304                                   {product} {ergonomic}
   size_t MaxHeapSize                              = 32178700288                               {product} {ergonomic}
   size_t MaxNewSize                               = 19293798400                               {product} {ergonomic}
   size_t MinHeapDeltaBytes                        = 16777216                                  {product} {ergonomic}
   size_t MinHeapSize                              = 16777216                                  {product} {ergonomic}
    uintx NonProfiledCodeHeapSize                  = 0                                      {pd product} {ergonomic}
     bool ProfileInterpreter                       = false                                  {pd product} {command line}
    uintx ProfiledCodeHeapSize                     = 0                                      {pd product} {ergonomic}
   size_t SoftMaxHeapSize                          = 32178700288                            {manageable} {ergonomic}
     intx TieredStopAtLevel                        = 1                                         {product} {command line}
     bool UseCompressedClassPointers               = true                           {product lp64_product} {ergonomic}
     bool UseCompressedOops                        = true                           {product lp64_product} {ergonomic}
     bool UseG1GC                                  = true                                      {product} {ergonomic}

Logging:
Log output configuration:
 #0: stdout all=warning,jni+resolve=error uptime,level,tags (reconfigured)
 #1: stderr all=off uptime,level,tags

Environment Variables:
PATH=/home/mesut/.local/bin:/usr/local/sbin:/usr/local/bin:/usr/sbin:/usr/bin:/sbin:/bin:/usr/games:/usr/local/games:/snap/bin:/usr/lib/dart/bin:/usr/lib/dart/bin:/home/mesut/.local/share/JetBrains/Toolbox/scripts
USERNAME=mesut
SHELL=/bin/bash
DISPLAY=:1
LANG=en_US.UTF-8
LC_NUMERIC=tr_TR.UTF-8
LC_TIME=tr_TR.UTF-8

Signal Handlers:
   SIGSEGV: crash_handler in libjvm.so, mask=11100100010111111101111111111110, flags=SA_RESTART|SA_SIGINFO
    SIGBUS: crash_handler in libjvm.so, mask=11100100010111111101111111111110, flags=SA_RESTART|SA_SIGINFO
    SIGFPE: crash_handler in libjvm.so, mask=11100100010111111101111111111110, flags=SA_RESTART|SA_SIGINFO
   SIGPIPE: javaSignalHandler in libjvm.so, mask=11100100010111111101111111111110, flags=SA_RESTART|SA_SIGINFO
   SIGXFSZ: javaSignalHandler in libjvm.so, mask=11100100010111111101111111111110, flags=SA_RESTART|SA_SIGINFO
    SIGILL: crash_handler in libjvm.so, mask=11100100010111111101111111111110, flags=SA_RESTART|SA_SIGINFO
   SIGUSR2: SR_handler in libjvm.so, mask=00100000000000000000000000000000, flags=SA_RESTART|SA_SIGINFO
    SIGHUP: UserHandler in libjvm.so, mask=11100100010111111101111111111110, flags=SA_RESTART|SA_SIGINFO
    SIGINT: UserHandler in libjvm.so, mask=11100100010111111101111111111110, flags=SA_RESTART|SA_SIGINFO
   SIGTERM: UserHandler in libjvm.so, mask=11100100010111111101111111111110, flags=SA_RESTART|SA_SIGINFO
   SIGQUIT: UserHandler in libjvm.so, mask=11100100010111111101111111111110, flags=SA_RESTART|SA_SIGINFO
  *** Handler was modified!
  *** Expected: javaSignalHandler in libjvm.so, mask=11100100110111111111111111111110, flags=SA_RESTART|SA_SIGINFO
   SIGTRAP: crash_handler in libjvm.so, mask=11100100010111111101111111111110, flags=SA_RESTART|SA_SIGINFO


---------------  S Y S T E M  ---------------

OS:
DISTRIB_ID=Ubuntu
DISTRIB_RELEASE=20.04
DISTRIB_CODENAME=focal
DISTRIB_DESCRIPTION="Ubuntu 20.04.5 LTS"
uname: Linux 5.15.0-57-generic #63~20.04.1-Ubuntu SMP Wed Nov 30 13:40:16 UTC 2022 x86_64
OS uptime: 0 days 7:23 hours
libc: glibc 2.31 NPTL 2.31 
rlimit (soft/hard): STACK 8192k/infinity , CORE 0k/infinity , NPROC 514563/514563 , NOFILE 1048576/1048576 , AS infinity/infinity , CPU infinity/infinity , DATA infinity/infinity , FSIZE infinity/infinity , MEMLOCK 65536k/65536k
load average: 16,87 17,08 16,47

/proc/meminfo:
MemTotal:       131805376 kB
MemFree:        51402036 kB
MemAvailable:   92703344 kB
Buffers:          665880 kB
Cached:         40926540 kB
SwapCached:            0 kB
Active:         23342484 kB
Inactive:       54079404 kB
Active(anon):      62128 kB
Inactive(anon): 36229204 kB
Active(file):   23280356 kB
Inactive(file): 17850200 kB
Unevictable:          48 kB
Mlocked:              48 kB
SwapTotal:       2097148 kB
SwapFree:        2097148 kB
Dirty:             20820 kB
Writeback:             0 kB
AnonPages:      35830076 kB
Mapped:         19666796 kB
Shmem:            543856 kB
KReclaimable:    1421880 kB
Slab:            1882136 kB
SReclaimable:    1421880 kB
SUnreclaim:       460256 kB
KernelStack:       72400 kB
PageTables:       275880 kB
NFS_Unstable:          0 kB
Bounce:                0 kB
WritebackTmp:          0 kB
CommitLimit:    67999836 kB
Committed_AS:   66969452 kB
VmallocTotal:   34359738367 kB
VmallocUsed:      198144 kB
VmallocChunk:          0 kB
Percpu:            25216 kB
HardwareCorrupted:     0 kB
AnonHugePages:     67584 kB
ShmemHugePages:        0 kB
ShmemPmdMapped:        0 kB
FileHugePages:         0 kB
FilePmdMapped:         0 kB
HugePages_Total:       0
HugePages_Free:        0
HugePages_Rsvd:        0
HugePages_Surp:        0
Hugepagesize:       2048 kB
Hugetlb:               0 kB
DirectMap4k:     1873228 kB
DirectMap2M:    47302656 kB
DirectMap1G:    84934656 kB

/sys/kernel/mm/transparent_hugepage/enabled: always [madvise] never
/sys/kernel/mm/transparent_hugepage/defrag (defrag/compaction efforts parameter): always defer defer+madvise [madvise] never

Process Memory:
Virtual Size: 35418656K (peak: 35420068K)
Resident Set Size: 85744K (peak: 85744K) (anon: 55036K, file: 30708K, shmem: 0K)
Swapped out: 0K
C-Heap outstanding allocations: 66691K, retained: 1952K
glibc malloc tunables: (default)

/proc/sys/kernel/threads-max (system-wide limit on the number of threads): 1029127
/proc/sys/vm/max_map_count (maximum number of memory map areas a process may have): 65530
/proc/sys/kernel/pid_max (system-wide limit on number of process identifiers): 4194304

container (cgroup) information:
container_type: cgroupv1
cpu_cpuset_cpus: 0-15
cpu_memory_nodes: 0
active_processor_count: 16
cpu_quota: no quota
cpu_period: 100000
cpu_shares: no shares
memory_limit_in_bytes: unlimited
memory_and_swap_limit_in_bytes: unlimited
memory_soft_limit_in_bytes: unlimited
memory_usage_in_bytes: 32048212 k
memory_max_usage_in_bytes: 32948848 k
maximum number of tasks: unlimited
current number of tasks: 3445

Steal ticks since vm start: 0
Steal ticks percentage since vm start:  0,000

CPU: total 16 (initial active 16) (8 cores per cpu, 2 threads per core) family 6 model 165 stepping 5 microcode 0xf0, cx8, cmov, fxsr, ht, mmx, 3dnowpref, sse, sse2, sse3, ssse3, sse4.1, sse4.2, popcnt, lzcnt, tsc, tscinvbit, avx, avx2, aes, erms, clmul, bmi1, bmi2, adx, fma, vzeroupper, clflush, clflushopt
CPU Model and flags from /proc/cpuinfo:
model name	: Intel(R) Core(TM) i7-10700 CPU @ 2.90GHz
flags		: fpu vme de pse tsc msr pae mce cx8 apic sep mtrr pge mca cmov pat pse36 clflush dts acpi mmx fxsr sse sse2 ss ht tm pbe syscall nx pdpe1gb rdtscp lm constant_tsc art arch_perfmon pebs bts rep_good nopl xtopology nonstop_tsc cpuid aperfmperf pni pclmulqdq dtes64 monitor ds_cpl vmx smx est tm2 ssse3 sdbg fma cx16 xtpr pdcm pcid sse4_1 sse4_2 x2apic movbe popcnt tsc_deadline_timer aes xsave avx f16c rdrand lahf_lm abm 3dnowprefetch cpuid_fault epb invpcid_single ssbd ibrs ibpb stibp ibrs_enhanced tpr_shadow vnmi flexpriority ept vpid ept_ad fsgsbase tsc_adjust bmi1 avx2 smep bmi2 erms invpcid mpx rdseed adx smap clflushopt intel_pt xsaveopt xsavec xgetbv1 xsaves dtherm ida arat pln pts hwp hwp_notify hwp_act_window hwp_epp pku ospke md_clear flush_l1d arch_capabilities

Online cpus: 0-15
Offline cpus: 
BIOS frequency limitation: <Not Available>
Frequency switch latency (ns): 0
Available cpu frequencies: <Not Available>
Current governor: powersave
Core performance/turbo boost: <Not Available>

Memory: 4k page, physical 131805376k(51402036k free), swap 2097148k(2097148k free)
Page Sizes: 4k

vm_info: OpenJDK 64-Bit Server VM (17.0.4.1+9-LTS) for linux-amd64 JRE (17.0.4.1+9-LTS), built on Aug 12 2022 17:19:57 by "jenkins" with gcc 7.3.1 20180303 (Red Hat 7.3.1-5)

END.
